0.87585 3.02017e-05
1.7278 5.95795e-05
2.57977 8.89575e-05
3.43174 0.000118336
4.28373 0.000147715
5.13572 0.000177094
5.98772 0.000206473
6.83973 0.000235853
7.69175 0.000265233
8.54379 0.000294613
9.39583 0.000323994
10.2479 0.000353375
11.0999 0.000382756
11.952 0.000412138
12.8041 0.00044152
13.6562 0.000470903
14.5083 0.000500285
15.3604 0.000529668
16.2125 0.000559052
17.0646 0.000588435
17.9168 0.000617819
18.7689 0.000647204
19.6211 0.000676589
20.4732 0.000705974
21.3254 0.000735359
22.1776 0.000764744
23.0298 0.00079413
23.882 0.000823517
24.7342 0.000852903
25.5864 0.000882289
26.4386 0.000911675
27.2908 0.000941061
28.1429 0.000970446
28.9951 0.00099983
29.8471 0.00102921
30.699 0.00105859
31.5507 0.00108795
32.402 0.00111731
33.2528 0.00114665
34.1027 0.00117596
34.9512 0.00120522
35.7972 0.00123439
36.6392 0.00126343
37.4754 0.00129227
38.3046 0.00132087
39.1273 0.00134925
39.945 0.00137746
40.7589 0.00140555
41.5699 0.00143354
42.3785 0.00146147
43.1845 0.00148932
43.9874 0.00151709
44.7862 0.00154475
45.5802 0.00157229
46.3686 0.00159969
47.1505 0.00162695
47.9248 0.00165404
48.6904 0.00168096
49.4461 0.00170769
50.1909 0.00173426
50.9243 0.0017607
51.6455 0.00178704
52.353 0.00181333
53.045 0.00183958
53.7193 0.00186583
54.3739 0.00189215
55.0069 0.0019186
55.6165 0.00194532
56.2005 0.0019724
56.7565 0.00199999
57.2819 0.00202821
57.7745 0.00205722
58.2323 0.00208719
58.6542 0.00211833
59.04 0.00215085
59.3908 0.00218501
59.7086 0.00222112
59.9965 0.00225951
60.2587 0.00230053
60.4998 0.00234457
60.7246 0.002392
60.9383 0.0024431
61.1453 0.00249807
61.3494 0.00255689
61.5533 0.00261931
61.7588 0.00268491
61.9666 0.00275313
62.1768 0.00282342
62.3894 0.00289533
62.6041 0.00296849
62.8208 0.00304266
63.0394 0.00311768
63.2597 0.00319341
63.4814 0.00326972
63.7042 0.00334647
63.928 0.00342355
64.1524 0.00350089
64.3773 0.00357844
64.6028 0.00365618
64.8288 0.00373408
65.0551 0.00381214
65.2818 0.0038903
65.5087 0.00396853
65.7356 0.00404677
65.9624 0.00412498
66.189 0.00420312
66.4154 0.00428117
66.6415 0.00435914
66.8674 0.00443703
67.0931 0.00451485
67.3186 0.00459261
67.5439 0.00467031
67.7691 0.00474795
67.994 0.00482552
68.2187 0.004903
68.443 0.00498036
68.667 0.00505758
68.8905 0.00513464
69.1134 0.00521151
69.3357 0.00528816
69.5573 0.00536459
69.7782 0.00544078
69.9984 0.0055167
70.2179 0.00559237
70.4365 0.00566776
70.6544 0.00574289
70.8715 0.00581776
71.0879 0.00589238
71.3036 0.00596676
71.5187 0.00604092
71.7331 0.00611486
71.9469 0.0061886
72.1602 0.00626215
72.373 0.00633551
72.5852 0.00640869
72.7969 0.00648169
73.0081 0.00655451
73.2187 0.00662715
73.4289 0.00669962
73.6385 0.00677191
73.8477 0.00684403
74.0564 0.00691599
74.2646 0.00698779
74.4724 0.00705944
74.6798 0.00713096
74.8868 0.00720234
75.0935 0.0072736
75.2998 0.00734475
75.5058 0.0074158
75.7115 0.00748673
75.917 0.00755757
76.1221 0.0076283
76.3269 0.00769894
76.5314 0.00776946
76.7357 0.00783989
76.9396 0.0079102
77.1431 0.0079804
77.3464 0.00805048
77.5493 0.00812044
77.7518 0.00819028
77.954 0.00825999
78.1558 0.00832958
78.3572 0.00839905
78.5583 0.00846838
78.759 0.00853759
78.9594 0.00860668
79.1594 0.00867564
79.359 0.00874449
79.5583 0.00881321
79.7573 0.00888183
79.956 0.00895034
80.1544 0.00901875
80.3525 0.00908706
80.5503 0.00915528
80.7479 0.00922342
80.9453 0.00929148
81.1425 0.00935947
81.3394 0.00942739
81.5362 0.00949526
81.7329 0.00956306
